[2025-05-18 06:44:52] WARNING: E_WARNING: rename(data\tmp\tmpFC9D.tmp,data/cache/application/classmapRepositories.php): Access is denied (code: 5)
[2025-05-18 07:20:24] WARNING: E_WARNING: rename(data\tmp\tmp8401.tmp,data/cache/application/classmapEntities.php): Access is denied (code: 5)
[2025-05-18 07:38:34] ERROR: (409) Field 'status' already exists in 'CBooking'. :: POST /Admin/fieldManager/CBooking
[2025-05-18 07:39:12] WARNING: E_WARNING: rename(data\tmp\tmpBB00.tmp,data/cache/application/routes.php): Access is denied (code: 5)
[2025-05-18 07:39:12] WARNING: E_WARNING: rename(data\tmp\tmpBC2B.tmp,data/cache/application/classmapControllers.php): Access is denied (code: 5)
[2025-05-18 08:07:38] WARNING: E_WARNING: rename(data\tmp\tmpC307.tmp,data/cache/application/routes.php): Access is denied (code: 5)
[2025-05-18 16:19:48] ERROR: (409) Name 'CTourInquiry' is already used. :: POST /EntityManager/action/createEntity
[2025-05-18 17:04:13] WARNING: E_WARNING: rename(data\tmp\tmpD8AF.tmp,data/cache/application/routes.php): Access is denied (code: 5)
[2025-05-18 17:17:45] WARNING: (400) Bad name. :: POST /Layout/action/create :: E:\Xamp\Install\htdocs\EspoCRM-9.1.2\application\Espo\Tools\Layout\CustomLayoutService.php(169)
[2025-05-18 17:18:05] WARNING: (400) Bad name. :: POST /Layout/action/create :: E:\Xamp\Install\htdocs\EspoCRM-9.1.2\application\Espo\Tools\Layout\CustomLayoutService.php(169)
[2025-05-18 17:18:16] WARNING: (400) Bad name. :: POST /Layout/action/create :: E:\Xamp\Install\htdocs\EspoCRM-9.1.2\application\Espo\Tools\Layout\CustomLayoutService.php(169)
[2025-05-18 17:21:23] WARNING: (400) Bad name. :: POST /Layout/action/create :: E:\Xamp\Install\htdocs\EspoCRM-9.1.2\application\Espo\Tools\Layout\CustomLayoutService.php(169)
[2025-05-18 17:21:30] WARNING: (400) Bad name. :: POST /Layout/action/create :: E:\Xamp\Install\htdocs\EspoCRM-9.1.2\application\Espo\Tools\Layout\CustomLayoutService.php(169)
[2025-05-18 17:33:17] WARNING: (400) Field validation failure; entityType: CTourPackage, field: packageName, type: required. :: POST /CTourPackage
[2025-05-18 17:33:44] WARNING: (400) Field validation failure; entityType: CTourPackage, field: packageName, type: required. :: POST /CTourPackage
[2025-05-18 17:34:07] WARNING: (400) Field validation failure; entityType: CTourPackage, field: packageName, type: required. :: POST /CTourPackage
[2025-05-18 17:41:12] WARNING: (400) Field validation failure; entityType: CTourPackage, field: name, type: required. :: POST /CTourPackage
[2025-05-18 18:58:15] WARNING: E_WARNING: rename(data\tmp\tmp4392.tmp,data/cache/application/classmapControllers.php): Access is denied (code: 5)
[2025-05-18 19:05:23] WARNING: E_WARNING: rename(data\tmp\tmpCB11.tmp,data/cache/application/classmapControllers.php): Access is denied (code: 5)
[2025-05-18 19:05:54] ERROR: (409) Field 'createdAt' already exists in 'CTourInquiry'. :: POST /Admin/fieldManager/CTourInquiry
[2025-05-18 19:47:27] ERROR: (409) Field 'status' already exists in 'CTourInquiry'. :: POST /Admin/fieldManager/CTourInquiry
[2025-05-18 19:59:18] WARNING: (400) Field validation failure; entityType: CDestination, field: dname, type: required. :: POST /CDestination
[2025-05-18 19:59:29] WARNING: (400) Field validation failure; entityType: CDestination, field: dname, type: required. :: POST /CDestination
[2025-05-18 20:01:30] WARNING: (400) Field validation failure; entityType: CDestination, field: dname, type: required. :: POST /CDestination
[2025-05-18 20:20:09] WARNING: (400) Field validation failure; entityType: CTourPackage, field: name, type: required. :: POST /CTourPackage
[2025-05-18 20:35:53] WARNING: (400) Field validation failure; entityType: CBooking, field: name, type: required. :: POST /CBooking
[2025-05-18 20:39:39] WARNING: E_WARNING: rename(data\tmp\tmp19C1.tmp,data/cache/application/classmapControllers.php): Access is denied (code: 5)
[2025-05-18 20:47:13] WARNING: (400) Field validation failure; entityType: CTourInquiry, field: name, type: required. :: POST /CTourInquiry
